commRanks and commrank are 32 0 
rank = 7 Np = 547943739 
rank = 23 Np = 554073441 
rank = 31 Np = 668437690 
rank = 15 Np = 536751570 
rank = 0 Np = 644178774 
rank = 16 Np = 495908563 
rank = 8 Np = 594603774 
rank = 24 Np = 502121464 
rank = 22 Np = 544701044 
rank = 6 Np = 517023509 
rank = 14 Np = 535395989 
rank = 30 Np = 704177041 
rank = 3 Np = 572203080 
rank = 27 Np = 566731953 
rank = 11 Np = 524732733 
rank = 19 Np = 531816316 
rank = 26 Np = 551736820 
rank = 10 Np = 561242869 
rank = 2 Np = 562882990 
rank = 18 Np = 547318606 
rank = 25 Np = 577678234 
rank = 1 Np = 710792059 
rank = 9 Np = 534127182 
rank = 17 Np = 537136310 
rank = 5 Np = 537099235 
rank = 13 Np = 523752047 
rank = 21 Np = 521029184 
rank = 29 Np = 606357310 
rank = 20 Np = 533352367 
rank = 12 Np = 514438861 
rank = 28 Np = 593684047 
rank = 4 Np = 541319526 
Read rank = 5 Np_final = 537099235 
rank = 1 Np_final = 710792059 
rank = 14 Np_final = 535395989 
rank = 24 Np_final = 502121464 
rank = 21 Np_final = 521029184 
rank = 9 Np_final = 534127182 
rank = 7 Np_final = 547943739 
rank = 22 Np_final = 544701044 
rank = 3 Np_final = 572203080 
10 variables from /lus/eagle/projects/CosDiscover/nfrontiere/576MPC_RUNS/challenge_problem_576MPC_ADIABATIC/output/m000p.lc.mpicosmo.430 (390110315056 bytes) in rank = 4 Np_final = 541319526 
rank = 29 Np_final = 606357310 
rank = 2 Np_final = 562882990 
rank = 25 Np_final = 577678234 
rank = 15 Np_final = 536751570 
rank = 30 Np_final = 704177041 
rank = 11 Np_final = 524732733 
rank = 16 Np_final = 495908563 
rank = 20 Np_final = 533352367 
rank = 13 Np_final = 523752047 
rank = 10 Np_final = 561242869 
rank = 17 Np_final = 537136310 
rank = 31 Np_final = 668437690 
rank = 6 Np_final = 517023509 
rank = 27 Np_final = 566731953 
rank = 8 Np_final = 594603774 
rank = 28 Np_final = 593684047 
rank = 18 Np_final = 547318606 
rank = 23 Np_final = 554073441 
rank = 19 Np_final = 531816316 
172.418s: rank = 12 Np_final = 514438861 
rank = 26 Np_final = 551736820 
2157.77 MB/s [excluding header read]
rank = 0 Np_final = 644178774 
About to send data
Finished accumulating particles for rank 6
Finished accumulating particles for rank 0
Finished accumulating particles for rank 7
Finished accumulating particles for rank 5
Finished accumulating particles for rank 4
Finished accumulating particles for rank 3
Finished accumulating particles for rank 9
Finished accumulating particles for rank 28
Finished accumulating particles for rank 2
Finished accumulating particles for rank 26
Finished accumulating particles for rank 31
Finished accumulating particles for rank 1
Finished accumulating particles for rank 20
Finished accumulating particles for rank 15
Finished accumulating particles for rank 17
Finished accumulating particles for rank 11
Finished accumulating particles for rank 21
Finished accumulating particles for rank 23
Finished accumulating particles for rank 30
Finished accumulating particles for rank 25
Finished accumulating particles for rank 10
Finished accumulating particles for rank 18
Finished accumulating particles for rank 24
Finished accumulating particles for rank 22
Finished accumulating particles for rank 12
Finished accumulating particles for rank 8
Finished accumulating particles for rank 27
Finished accumulating particles for rank 14
Finished accumulating particles for rank 16
Finished accumulating particles for rank 29
Finished accumulating particles for rank 19
Finished accumulating particles for rank 13
 step: 430 amin: 0.689552 amax: 0.691144
 step: 430 mumin: 0.592593 mumax: 0.592593
 step: 430 mmin: 2.12379e+08 mmax: 2.12379e+08
 step: 430 umin: 0.000518064 umax: 6.07024e+06
 step: 430 dcmin: 1.42756e+06 dcmax: 1.44636e+06
rank = 11 Np = 541003244 
rank = 3 Np = 553645327 
rank = 19 Np = 526285480 
rank = 27 Np = 542353575 
rank = 7 Np = 556173780 
rank = 15 Np = 514706755 
rank = 31 Np = 661178125 
rank = 23 Np = 549888411 
rank = 29 Np = 560016125 
rank = 13 Np = 527332108 
rank = 21 Np = 512667250 
rank = 5 Np = 537936698 
rank = 4 Np = 538528629 
rank = 12 Np = 515445449 
rank = 20 Np = 555456187 
rank = 28 Np = 579945676 
rank = 6 Np = 509642082 
rank = 22 Np = 540778284 
rank = 14 Np = 529504113 
rank = 25 Np = 581057964 
rank = 30 Np = 699829180 
rank = 1 Np = 693897860 
rank = 9 Np = 537476714 
rank = 8 Np = 577358142 
rank = 24 Np = 507655641 
rank = 17 Np = 529872641 
rank = 0 Np = 641333934 
rank = 16 Np = 490145747 
rank = 26 Np = 557590418 
rank = 10 Np = 553242720 
rank = 18 Np = 536372029 
rank = 2 Np = 527873756 
