commRanks and commrank are 32 0 
rank = 30 Np = 9711310 
rank = 14 Np = 0 
rank = 6 Np = 5527969 
rank = 18 Np = 0 
rank = 2 Np = 7979044 
rank = 0 Np = 8236852 
rank = 16 Np = 0 
rank = 5 Np = 7646153 
rank = 21 Np = 0 
rank = 10 Np = 0 
rank = 24 Np = 1997038 
rank = 19 Np = 0 
rank = 1 Np = 10458934 
rank = 17 Np = 0 
rank = 13 Np = 0 
rank = 22 Np = 0 
rank = 11 Np = 0 
rank = 9 Np = 0 
rank = 8 Np = 0 
rank = 3 Np = 7168731 
rank = 27 Np = 9173152 
rank = 25 Np = 3970010 
rank = 29 Np = 8363272 
rank = 20 Np = 0 
rank = 26 Np = 7724587 
rank = 28 Np = 9077977 
rank = 12 Np = 0 
rank = 7 Np = 3676990 
rank = 15 Np = 0 
rank = 4 Np = 8566533 
rank = 23 Np = 0 
rank = 31 Np = 8464686 
Read 10 variables from /lus/eagle/projects/CosDiscover/nfrontiere/576MPC_RUNS/challenge_problem_576MPC_ADIABATIC/output/m000p.lc.mpicosmo.600 (2716902728 bytes) in 0.987523s: 2623.78 MB/s [excluding header read]
About to send data
Finished accumulating particles for rank 6
Finished accumulating particles for rank 23
Finished accumulating particles for rank 0
Finished accumulating particles for rank 5
Finished accumulating particles for rank 7
Finished accumulating particles for rank 9
Finished accumulating particles for rank 13
Finished accumulating particles for rank 24
Finished accumulating particles for rank 19
Finished accumulating particles for rank 10
Finished accumulating particles for rank 11
Finished accumulating particles for rank 16
Finished accumulating particles for rank 22
Finished accumulating particles for rank 12
Finished accumulating particles for rank 2
Finished accumulating particles for rank 18
Finished accumulating particles for rank 17
Finished accumulating particles for rank 8
Finished accumulating particles for rank 4
Finished accumulating particles for rank 20
Finished accumulating particles for rank 28
Finished accumulating particles for rank 1
Finished accumulating particles for rank 3
Finished accumulating particles for rank 14
Finished accumulating particles for rank 15
Finished accumulating particles for rank 25
Finished accumulating particles for rank 21
Finished accumulating particles for rank 31
Finished accumulating particles for rank 29
Finished accumulating particles for rank 26
Finished accumulating particles for rank 30
Finished accumulating particles for rank 27
 step: 600 amin: 0.960199 amax: 0.961791
 step: 600 mumin: 0.592593 mumax: 0.592593
 step: 600 mmin: 2.12379e+08 mmax: 2.12379e+08
 step: 600 umin: 0.000267522 umax: 830758
 step: 600 dcmin: 13921.9 dcmax: 15143.9
rank = 0 Np = 7833539 
rank = 24 Np = 1218180 
rank = 16 Np = 0 
rank = 2 Np = 7845101 
rank = 18 Np = 0 
rank = 14 Np = 0 
rank = 6 Np = 2104979 
rank = 27 Np = 8563675 
rank = 19 Np = 0 
rank = 26 Np = 7406064 
rank = 25 Np = 2887034 
rank = 1 Np = 9596015 
rank = 11 Np = 0 
rank = 17 Np = 0 
rank = 12 Np = 0 
rank = 29 Np = 9670735 
rank = 4 Np = 10106856 
rank = 5 Np = 7534954 
rank = 20 Np = 0 
rank = 3 Np = 7263800 
rank = 21 Np = 0 
rank = 28 Np = 11230497 
rank = 22 Np = 0 
rank = 13 Np = 0 
rank = 8 Np = 0 
rank = 9 Np = 0 
rank = 10 Np = 0 
rank = 7 Np = 2490423 
rank = 31 Np = 6639133 
rank = 30 Np = 7404761 
rank = 15 Np = 0 
rank = 23 Np = 0 
Read 10 variables from /lus/eagle/projects/CosDiscover/nfrontiere/576MPC_RUNS/challenge_problem_576MPC_ADIABATIC/output/m000p.lc.mpicosmo.601 (2495454560 bytes) in 0.961077s: 2476.23 MB/s [excluding header read]
About to send data
Finished accumulating particles for rank 0
Finished accumulating particles for rank 6
Finished accumulating particles for rank 2
Finished accumulating particles for rank 23
Finished accumulating particles for rank 5
Finished accumulating particles for rank 17
Finished accumulating particles for rank 11
Finished accumulating particles for rank 7
Finished accumulating particles for rank 18
Finished accumulating particles for rank 10
Finished accumulating particles for rank 8
Finished accumulating particles for rank 9
Finished accumulating particles for rank 1
Finished accumulating particles for rank 20
Finished accumulating particles for rank 28
Finished accumulating particles for rank 22
Finished accumulating particles for rank 12
Finished accumulating particles for rank 31
Finished accumulating particles for rank 24
Finished accumulating particles for rank 4
Finished accumulating particles for rank 13
Finished accumulating particles for rank 16
Finished accumulating particles for rank 3
Finished accumulating particles for rank 15
Finished accumulating particles for rank 21
Finished accumulating particles for rank 29
Finished accumulating particles for rank 19
Finished accumulating particles for rank 25
Finished accumulating particles for rank 30
Finished accumulating particles for rank 26
Finished accumulating particles for rank 14
Finished accumulating particles for rank 27
 step: 601 amin: 0.961791 amax: 0.963383
 step: 601 mumin: 0.592593 mumax: 0.592593
 step: 601 mmin: 2.12379e+08 mmax: 2.12379e+08
 step: 601 umin: 0.000266638 umax: 1.15938e+06
 step: 601 dcmin: 12754.1 dcmax: 13921.9
 CHIE: 0.863636 SAMPLERATE: 0.01
 KSZ_CONV: -8.40114e-09 TSZ_CONV: 3.43259e-06
pix count (1) for rank 19 is 1572864 
 pix count (1) for rank 24 is 1572864 
 pix count (1) for rank 16 is 1572864 
 pix count (1) for rank 6 is 1572864 
 pix count (1) for rank 12 is 1572864 
 pix count (1) for rank 22 is 1572864 
 pix count (1) for rank 4 is 1572864 
 pix count (1) for rank 8 is 1572864 
 pix count (1) for rank 13 is 1572864 
 pix count (1) for rank 18 is 1572864 
 pix count (1) for rank 23 is 1572864 
 pix count (1) for rank 17 is 1572864 
 pix count (1) for rank 9 is 1572864 
 pix count (1) for rank 11 is 1572864 
 pix count (1) for rank 26 is 1572864 
 pix count (1) for rank 5 is 1572864 
 pix count (1) for rank 20 is 1572864 
 pix count (1) for rank 28 is 1572864 
 pix count (1) for rank 25 is 1572864 
 pix count (1) for rank 14 is 1572864 
 pix count (1) for rank 0 is 1572864 
 pix count (1) for rank 3 is 1572864 
 pix count (1) for rank 10 is 1572864 
 pix count (1) for rank 1 is 1572864 
 pix count (1) for rank 21 is 1572864 
 pix count (1) for rank 30 is 1572864 
 pix count (1) for rank 31 is 1572864 
 pix count (1) for rank 15 is 1572864 
 pix count (1) for rank 27 is 1572864 
 pix count (1) for rank 7 is 1572864 
 pix count (1) for rank 2 is 1572864 
 pix count (1) for rank 29 is 1572864 
 pix count for rank 0 is 1572864 
 recv offset for rank 0 is 0 
 pix count for rank 8 is 1572864 
 recv offset for rank 8 is 12582912 
 pix count for rank 1 is 1572864 
 recv offset for rank 1 is 1572864 
 pix count for rank 5 is 1572864 
 recv offset for rank 5 is 7864320 
 pix count for rank 2 is 1572864 
 recv offset for rank 2 is 3145728 
 pix count for rank 7 is 1572864 
 recv offset for rank 7 is 11010048 
 pix count for rank 4 is 1572864 
 recv offset for rank 4 is 6291456 
 pix count for rank 16 is 1572864 
 recv offset for rank 16 is 25165824 
 pix count for rank 3 is 1572864 
 recv offset for rank 3 is 4718592 
 pix count for rank 9 is 1572864 
 recv offset for rank 9 is 14155776 
 pix count for rank 13 is 1572864 
 recv offset for rank 13 is 20447232 
 pix count for rank 6 is 1572864 
 recv offset for rank 6 is 9437184 
 pix count for rank 10 is 1572864 
 recv offset for rank 10 is 15728640 
 pix count for rank 15 is 1572864 
 recv offset for rank 15 is 23592960 
 pix count for rank 12 is 1572864 
 recv offset for rank 12 is 18874368 
 pix count for rank 24 is 1572864 
 recv offset for rank 24 is 37748736 
 pix count for rank 11 is 1572864 
 recv offset for rank 11 is 17301504 
 pix count for rank 17 is 1572864 
 recv offset for rank 17 is 26738688 
 pix count for rank 21 is 1572864 
 recv offset for rank 21 is 33030144 
 pix count for rank 14 is 1572864 
 recv offset for rank 14 is 22020096 
 pix count for rank 18 is 1572864 
 recv offset for rank 18 is 28311552 
 pix count for rank 23 is 1572864 
 recv offset for rank 23 is 36175872 
 pix count for rank 20 is 1572864 
 recv offset for rank 20 is 31457280 
 pix count for rank 19 is 1572864 
 recv offset for rank 19 is 29884416 
 pix count for rank 25 is 1572864 
 recv offset for rank 25 is 39321600 
 pix count for rank 29 is 1572864 
 recv offset for rank 29 is 45613056 
 pix count for rank 22 is 1572864 
 recv offset for rank 22 is 34603008 
 pix count for rank 26 is 1572864 
 recv offset for rank 26 is 40894464 
 pix count for rank 31 is 1572864 
 recv offset for rank 31 is 48758784 
 pix count for rank 28 is 1572864 
 recv offset for rank 28 is 44040192 
 pix count for rank 27 is 1572864 
 recv offset for rank 27 is 42467328 
 pix count for rank 30 is 1572864 
 recv offset for rank 30 is 47185920 
 