commRanks and commrank are 128 0 
rank = 14 Np = 632931614 
rank = 46 Np = 746924381 
rank = 78 Np = 653868517 
rank = 110 Np = 735200823 
rank = 38 Np = 782835608 
rank = 11 Np = 757675983 
rank = 6 Np = 677794680 
rank = 43 Np = 711281926 
rank = 75 Np = 640529766 
rank = 107 Np = 733396312 
rank = 70 Np = 656392088 
rank = 102 Np = 716390712 
rank = 0 Np = 628761385 
rank = 64 Np = 778975260 
rank = 96 Np = 673858404 
rank = 32 Np = 702916881 
rank = 101 Np = 719420944 
rank = 5 Np = 741719123 
rank = 69 Np = 740013668 
rank = 37 Np = 732308025 
rank = 23 Np = 687513817 
rank = 87 Np = 726541781 
rank = 119 Np = 653007032 
rank = 55 Np = 716928678 
rank = 42 Np = 671709914 
rank = 120 Np = 695776442 
rank = 24 Np = 674404685 
rank = 56 Np = 772308468 
rank = 88 Np = 655848245 
rank = 10 Np = 712085060 
rank = 74 Np = 791193197 
rank = 106 Np = 704356437 
rank = 48 Np = 764790288 
rank = 92 Np = 728748628 
rank = 124 Np = 854687029 
rank = 16 Np = 687040993 
rank = 28 Np = 715774072 
rank = 60 Np = 699081387 
rank = 80 Np = 700935216 
rank = 112 Np = 607567106 
rank = 62 Np = 632382109 
rank = 22 Np = 707542329 
rank = 86 Np = 745548288 
rank = 118 Np = 757195156 
rank = 39 Np = 685718801 
rank = 83 Np = 701192449 
rank = 103 Np = 754253209 
rank = 115 Np = 868178476 
rank = 19 Np = 726074332 
rank = 30 Np = 770473265 
rank = 71 Np = 783616893 
rank = 7 Np = 690543995 
rank = 54 Np = 666125477 
rank = 51 Np = 635693228 
rank = 94 Np = 792910335 
rank = 126 Np = 635067141 
rank = 122 Np = 760573311 
rank = 76 Np = 632189066 
rank = 108 Np = 781333385 
rank = 44 Np = 749849450 
rank = 12 Np = 802775068 
rank = 2 Np = 650191582 
rank = 98 Np = 708093499 
rank = 89 Np = 758897574 
rank = 113 Np = 796594212 
rank = 34 Np = 705940096 
rank = 26 Np = 688599030 
rank = 58 Np = 696370809 
rank = 66 Np = 672553827 
rank = 90 Np = 720891147 
rank = 17 Np = 756190315 
rank = 15 Np = 627642917 
rank = 47 Np = 722474282 
rank = 79 Np = 790047669 
rank = 111 Np = 738031072 
rank = 25 Np = 749409057 
rank = 121 Np = 653454650 
rank = 49 Np = 655220300 
rank = 57 Np = 684488998 
rank = 41 Np = 766345035 
rank = 73 Np = 633436349 
rank = 81 Np = 699991093 
rank = 105 Np = 733381729 
rank = 9 Np = 674034290 
rank = 27 Np = 667344561 
rank = 59 Np = 684879186 
rank = 123 Np = 875312926 
rank = 31 Np = 673119535 
rank = 127 Np = 657857739 
rank = 91 Np = 676519505 
rank = 63 Np = 835734345 
rank = 95 Np = 733206268 
rank = 1 Np = 656939420 
rank = 33 Np = 764190909 
rank = 65 Np = 635254499 
rank = 97 Np = 729290821 
rank = 13 Np = 762591494 
rank = 77 Np = 727953498 
rank = 109 Np = 665836141 
rank = 93 Np = 743632134 
rank = 61 Np = 670691825 
rank = 45 Np = 668843284 
rank = 29 Np = 777684063 
rank = 125 Np = 717143063 
rank = 21 Np = 746798983 
rank = 53 Np = 720590437 
rank = 85 Np = 637908929 
rank = 117 Np = 699098022 
rank = 114 Np = 722358218 
rank = 104 Np = 693693122 
rank = 82 Np = 759485912 
rank = 18 Np = 693159714 
rank = 8 Np = 628965124 
rank = 40 Np = 737458702 
rank = 72 Np = 769642769 
rank = 50 Np = 699225723 
rank = 4 Np = 855784557 
rank = 36 Np = 706669908 
rank = 68 Np = 654936073 
rank = 100 Np = 728590282 
rank = 3 Np = 871944144 
rank = 35 Np = 776740620 
rank = 67 Np = 612015451 
rank = 99 Np = 660127792 
rank = 20 Np = 752769770 
rank = 52 Np = 733588868 
rank = 84 Np = 705157121 
rank = 116 Np = 793283520 
rank = 59 Np_final = 684879186 
rank = 18 Np_final = 693159714 
rank = 17 Np_final = 756190315 
rank = 63 Np_final = 835734345 
rank = 23 Np_final = 687513817 
rank = 78 Np_final = 653868517 
rank = 47 Np_final = 722474282 
rank = 21 Np_final = 746798983 
rank = 77 Np_final = 727953498 
rank = 20 Np_final = 752769770 
rank = 32 Np_final = 702916881 
rank = 91 Np_final = 676519505 
rank = 108 Np_final = 781333385 
rank = 50 Np_final = 699225723 
rank = 65 Np_final = 635254499 
rank = 98 Np_final = 708093499 
rank = 49 Np_final = 655220300 
rank = 3 Np_final = 871944144 
rank = 25 Np_final = 749409057 
rank = 95 Np_final = 733206268 
rank = 60 Np_final = 699081387 
rank = 56 Np_final = 772308468 
rank = 7 Np_final = 690543995 
rank = 48 Np_final = 764790288 
rank = 75 Np_final = 640529766 
rank = 58 Np_final = 696370809 
rank = 55 Np_final = 716928678 
rank = 72 Np_final = 769642769 
rank = 110 Np_final = 735200823 
rank = 30 Np_final = 770473265 
rank = 19 Np_final = 726074332 
rank = 105 Np_final = 733381729 
rank = 6 Np_final = 677794680 
rank = 79 Np_final = 790047669 
rank = 53 Np_final = 720590437 
rank = 109 Np_final = 665836141 
rank = 29 Np_final = 777684063 
rank = 52 Np_final = 733588868 
rank = 96 Np_final = 673858404 
rank = 42 Np_final = 671709914 
rank = 123 Np_final = 875312926 
rank = 37 Np_final = 732308025 
rank = 68 Np_final = 654936073 
rank = 76 Np_final = 632189066 
rank = 114 Np_final = 722358218 
rank = 1 Np_final = 656939420 
rank = 34 Np_final = 705940096 
rank = 81 Np_final = 699991093 
rank = 67 Np_final = 612015451 
rank = 57 Np_final = 684488998 
rank = 31 Np_final = 673119535 
rank = 92 Np_final = 728748628 
rank = 88 Np_final = 655848245 
rank = 39 Np_final = 685718801 
rank = 112 Np_final = 607567106 
rank = 43 Np_final = 711281926 
rank = 90 Np_final = 720891147 
rank = 87 Np_final = 726541781 
rank = 40 Np_final = 737458702 
rank = 46 Np_final = 746924381 
rank = 51 Np_final = 635693228 
rank = 73 Np_final = 633436349 
rank = 38 Np_final = 782835608 
rank = 111 Np_final = 738031072 
rank = 117 Np_final = 699098022 
rank = 13 Np_final = 762591494 
rank = 61 Np_final = 670691825 
rank = 116 Np_final = 793283520 
Read rank = 74 Np_final = 791193197 
rank = 27 Np_final = 667344561 
rank = 101 Np_final = 719420944 
rank = 100 Np_final = 728590282 
rank = 82 Np_final = 759485912 
rank = 97 Np_final = 729290821 
rank = 66 Np_final = 672553827 
rank = 113 Np_final = 796594212 
rank = 35 Np_final = 776740620 
rank = 121 Np_final = 653454650 
rank = 127 Np_final = 657857739 
rank = 124 Np_final = 854687029 
rank = 120 Np_final = 695776442 
rank = 71 Np_final = 783616893 
rank = 54 Np_final = 666125477 
rank = 16 Np_final = 687040993 
rank = 11 Np_final = 757675983 
rank = 26 Np_final = 688599030 
rank = 119 Np_final = 653007032 
rank = 104 Np_final = 693693122 
rank = 14 Np_final = 632931614 
rank = 83 Np_final = 701192449 
rank = 9 Np_final = 674034290 
rank = 70 Np_final = 656392088 
rank = 15 Np_final = 627642917 
rank = 85 Np_final = 637908929 
rank = 45 Np_final = 668843284 
rank = 125 Np_final = 717143063 
rank = 84 Np_final = 705157121 
11 variables from /lus/eagle/projects/CosDiscover/nfrontiere/576MPC_RUNS/challenge_problem_576MPC_ADIABATIC/output/m000p.lc.mpicosmo.310 (2368465699878 bytes) in rank = 106 Np_final = 704356437 
rank = 69 Np_final = 740013668 
rank = 36 Np_final = 706669908 
rank = 2 Np_final = 650191582 
rank = 99 Np_final = 660127792 
rank = 89 Np_final = 758897574 
rank = 28 Np_final = 715774072 
rank = 24 Np_final = 674404685 
rank = 103 Np_final = 754253209 
rank = 86 Np_final = 745548288 
rank = 80 Np_final = 700935216 
rank = 122 Np_final = 760573311 
rank = 8 Np_final = 628965124 
rank = 94 Np_final = 792910335 
rank = 115 Np_final = 868178476 
rank = 41 Np_final = 766345035 
rank = 102 Np_final = 716390712 
rank = 93 Np_final = 743632134 
rank = 64 Np_final = 778975260 
rank = 10 Np_final = 712085060 
rank = 5 Np_final = 741719123 
rank = 4 Np_final = 855784557 
rank = 33 Np_final = 764190909 
rank = 22 Np_final = 707542329 
rank = 62 Np_final = 632382109 
70.1907rank = 118 Np_final = 757195156 
rank = 107 Np_final = 733396312 
rank = 126 Np_final = 635067141 
s: rank = 44 Np_final = 749849450 
32180.1 MB/s [excluding header read]rank = 12 Np_final = 802775068 

rank = 0 Np_final = 628761385 
Finished accumulating particles for rank 112
Finished accumulating particles for rank 0
Finished accumulating particles for rank 1
Finished accumulating particles for rank 15
Finished accumulating particles for rank 14
Finished accumulating particles for rank 67
Finished accumulating particles for rank 8
Finished accumulating particles for rank 51
Finished accumulating particles for rank 49
Finished accumulating particles for rank 85
Finished accumulating particles for rank 88
Finished accumulating particles for rank 126
Finished accumulating particles for rank 62
Finished accumulating particles for rank 61
Finished accumulating particles for rank 73
Finished accumulating particles for rank 65
Finished accumulating particles for rank 121
Finished accumulating particles for rank 76
Finished accumulating particles for rank 7
Finished accumulating particles for rank 27
Finished accumulating particles for rank 119
Finished accumulating particles for rank 78
Finished accumulating particles for rank 2
Finished accumulating particles for rank 127
Finished accumulating particles for rank 120
Finished accumulating particles for rank 75
Finished accumulating particles for rank 66
Finished accumulating particles for rank 45
Finished accumulating particles for rank 68
Finished accumulating particles for rank 42
Finished accumulating particles for rank 6
Finished accumulating particles for rank 31
Finished accumulating particles for rank 24
Finished accumulating particles for rank 96
Finished accumulating particles for rank 99
Finished accumulating particles for rank 91
Finished accumulating particles for rank 26
Finished accumulating particles for rank 23
Finished accumulating particles for rank 54
Finished accumulating particles for rank 39
Finished accumulating particles for rank 58
Finished accumulating particles for rank 70
Finished accumulating particles for rank 80
Finished accumulating particles for rank 57
Finished accumulating particles for rank 36
Finished accumulating particles for rank 9
Finished accumulating particles for rank 34
Finished accumulating particles for rank 109
Finished accumulating particles for rank 28
Finished accumulating particles for rank 59
Finished accumulating particles for rank 16
Finished accumulating particles for rank 83
Finished accumulating particles for rank 32
Finished accumulating particles for rank 10
Finished accumulating particles for rank 43
Finished accumulating particles for rank 104
Finished accumulating particles for rank 114
Finished accumulating particles for rank 50
Finished accumulating particles for rank 52
Finished accumulating particles for rank 98
Finished accumulating particles for rank 18
Finished accumulating particles for rank 84
Finished accumulating particles for rank 81
Finished accumulating particles for rank 107
Finished accumulating particles for rank 22
Finished accumulating particles for rank 60
Finished accumulating particles for rank 86
Finished accumulating particles for rank 90
Finished accumulating particles for rank 77
Finished accumulating particles for rank 47
Finished accumulating particles for rank 95
Finished accumulating particles for rank 35
Finished accumulating particles for rank 102
Finished accumulating particles for rank 19
Finished accumulating particles for rank 44
Finished accumulating particles for rank 101
Finished accumulating particles for rank 25
Finished accumulating particles for rank 55
Finished accumulating particles for rank 92
Finished accumulating particles for rank 100
Finished accumulating particles for rank 118
Finished accumulating particles for rank 111
Finished accumulating particles for rank 106
Finished accumulating particles for rank 117
Finished accumulating particles for rank 103
Finished accumulating particles for rank 17
Finished accumulating particles for rank 125
Finished accumulating particles for rank 69
Finished accumulating particles for rank 37
Finished accumulating particles for rank 53
Finished accumulating particles for rank 105
Finished accumulating particles for rank 93
Finished accumulating particles for rank 13
Finished accumulating particles for rank 82
Finished accumulating particles for rank 20
Finished accumulating particles for rank 5
Finished accumulating particles for rank 97
Finished accumulating particles for rank 110
Finished accumulating particles for rank 64
Finished accumulating particles for rank 21
Finished accumulating particles for rank 11
Finished accumulating particles for rank 87
Finished accumulating particles for rank 40
Finished accumulating particles for rank 89
Finished accumulating particles for rank 41
Finished accumulating particles for rank 30
Finished accumulating particles for rank 48
Finished accumulating particles for rank 72
Finished accumulating particles for rank 12
Finished accumulating particles for rank 56
Finished accumulating particles for rank 71
Finished accumulating particles for rank 108
Finished accumulating particles for rank 79
Finished accumulating particles for rank 46
Finished accumulating particles for rank 113
Finished accumulating particles for rank 33
Finished accumulating particles for rank 122
Finished accumulating particles for rank 94
Finished accumulating particles for rank 29
Finished accumulating particles for rank 116
Finished accumulating particles for rank 74
Finished accumulating particles for rank 38
Finished accumulating particles for rank 63
Finished accumulating particles for rank 3
Finished accumulating particles for rank 115
Finished accumulating particles for rank 4
Finished accumulating particles for rank 124
Finished accumulating particles for rank 123
 step: 310 amin: 0.498507 amax: 0.500099
 step: 310 mumin: 0.592593 mumax: 0.592593
 step: 310 mmin: 2.12379e+08 mmax: 2.12379e+08
 step: 310 umin: 0.000989482 umax: 7.57752e+06
 step: 310 dcmin: 5.28509e+06 dcmax: 5.33458e+06
rank = 36 Np = 689073419 
rank = 11 Np = 756628938 
rank = 68 Np = 686468389 
rank = 100 Np = 728007658 
rank = 75 Np = 660693241 
rank = 43 Np = 724784207 
rank = 107 Np = 708599359 
rank = 4 Np = 792997658 
rank = 12 Np = 824503771 
rank = 34 Np = 677574973 
rank = 44 Np = 756237930 
rank = 76 Np = 654817024 
rank = 108 Np = 769563174 
rank = 98 Np = 696691802 
rank = 2 Np = 616201523 
rank = 113 Np = 768835466 
rank = 17 Np = 754245300 
rank = 49 Np = 618921553 
rank = 58 Np = 677304944 
rank = 66 Np = 672111142 
rank = 26 Np = 670806952 
rank = 37 Np = 707671547 
rank = 90 Np = 699400106 
rank = 55 Np = 714385995 
rank = 101 Np = 685233855 
rank = 122 Np = 724392682 
rank = 81 Np = 687019238 
rank = 23 Np = 664174343 
rank = 119 Np = 605231115 
rank = 74 Np = 777332888 
rank = 65 Np = 629339068 
rank = 106 Np = 724285833 
rank = 10 Np = 732462525 
rank = 42 Np = 650907510 
rank = 33 Np = 797928351 
rank = 3 Np = 823119326 
rank = 69 Np = 747391463 
rank = 1 Np = 661981554 
rank = 97 Np = 738822623 
rank = 35 Np = 754741424 
rank = 87 Np = 724109821 
rank = 5 Np = 702232013 
rank = 67 Np = 632608070 
rank = 13 Np = 790497584 
rank = 45 Np = 683537352 
rank = 77 Np = 728706318 
rank = 25 Np = 774174579 
rank = 99 Np = 637898237 
rank = 109 Np = 701454412 
rank = 29 Np = 771528314 
rank = 93 Np = 716149941 
rank = 61 Np = 678112287 
rank = 57 Np = 700508404 
rank = 121 Np = 657192804 
rank = 89 Np = 793248363 
rank = 125 Np = 697698035 
rank = 62 Np = 625414722 
rank = 82 Np = 750351647 
rank = 94 Np = 815075774 
rank = 53 Np = 731927986 
rank = 18 Np = 720690342 
rank = 86 Np = 720189363 
rank = 21 Np = 781683020 
rank = 117 Np = 718320521 
rank = 30 Np = 804058503 
rank = 126 Np = 628421915 
rank = 46 Np = 722292723 
rank = 78 Np = 616245676 
rank = 110 Np = 724331344 
rank = 22 Np = 709729434 
rank = 118 Np = 749623344 
rank = 114 Np = 754139246 
rank = 50 Np = 692813755 
rank = 54 Np = 647286611 
rank = 14 Np = 624481015 
rank = 85 Np = 631451661 
rank = 6 Np = 690285986 
rank = 38 Np = 813796880 
rank = 70 Np = 662946079 
rank = 102 Np = 732029350 
rank = 15 Np = 585847576 
rank = 47 Np = 714363896 
rank = 79 Np = 799643926 
rank = 51 Np = 661493570 
rank = 115 Np = 889476558 
rank = 111 Np = 731538283 
rank = 19 Np = 711830441 
rank = 83 Np = 701212052 
rank = 91 Np = 659236356 
rank = 123 Np = 819601694 
rank = 27 Np = 674359074 
rank = 59 Np = 700949949 
rank = 7 Np = 660040756 
rank = 71 Np = 759585706 
rank = 39 Np = 650408927 
rank = 103 Np = 757126347 
rank = 28 Np = 703482726 
rank = 92 Np = 710567585 
rank = 124 Np = 804054843 
rank = 80 Np = 684550315 
rank = 60 Np = 708641565 
rank = 48 Np = 741678486 
rank = 112 Np = 568907670 
rank = 16 Np = 684207134 
rank = 41 Np = 735880609 
rank = 105 Np = 701180514 
rank = 40 Np = 733193847 
rank = 72 Np = 772997156 
rank = 0 Np = 599509255 
rank = 104 Np = 682892894 
rank = 73 Np = 605988829 
rank = 64 Np = 733969032 
rank = 96 Np = 668983823 
rank = 8 Np = 591928023 
rank = 9 Np = 643123509 
rank = 32 Np = 676202488 
rank = 56 Np = 747446762 
rank = 88 Np = 648181332 
rank = 20 Np = 709153295 
rank = 31 Np = 661147931 
rank = 52 Np = 724592290 
rank = 84 Np = 715158468 
rank = 127 Np = 634736594 
rank = 120 Np = 673485916 
rank = 95 Np = 693057737 
rank = 24 Np = 667941974 
rank = 116 Np = 800056328 
rank = 63 Np = 801041349 

===================================================================================
=   BAD TERMINATION OF ONE OF YOUR APPLICATION PROCESSES
=   PID 13517 RUNNING AT cc121.cooley
=   EXIT CODE: 135
=   CLEANING UP REMAINING PROCESSES
=   YOU CAN IGNORE THE BELOW CLEANUP MESSAGES
===================================================================================
