commRanks and commrank are 32 0 
rank = 17 Np = 0 
rank = 23 Np = 0 
rank = 15 Np = 0 
rank = 1 Np = 10458934 
rank = 29 Np = 8363272 
rank = 26 Np = 7724587 
rank = 19 Np = 0 
rank = 2 Np = 7979044 
rank = 10 Np = 0 
rank = 13 Np = 0 
rank = 11 Np = 0 
rank = 5 Np = 7646153 
rank = 25 Np = 3970010 
rank = 31 Np = 8464686 
rank = 18 Np = 0 
rank = 9 Np = 0 
rank = 8 Np = 0 
rank = 0 Np = 8236852 
rank = 20 Np = 0 
rank = 12 Np = 0 
rank = 7 Np = 3676990 
rank = 27 Np = 9173152 
rank = 21 Np = 0 
rank = 24 Np = 1997038 
rank = 3 Np = 7168731 
rank = 22 Np = 0 
rank = 16 Np = 0 
rank = 30 Np = 9711310 
rank = 6 Np = 5527969 
rank = 14 Np = 0 
rank = 28 Np = 9077977 
rank = 4 Np = 8566533 
Read 10 variables from /lus/eagle/projects/CosDiscover/nfrontiere/576MPC_RUNS/challenge_problem_576MPC_ADIABATIC/output/m000p.lc.mpicosmo.600 (2716902728 bytes) in 0.983334s: 2634.96 MB/s [excluding header read]
About to send data
Finished accumulating particles for rank 4
Finished accumulating particles for rank 1
Finished accumulating particles for rank 13
Finished accumulating particles for rank 3
Finished accumulating particles for rank 11
Finished accumulating particles for rank 5
Finished accumulating particles for rank 6
Finished accumulating particles for rank 17
Finished accumulating particles for rank 21
Finished accumulating particles for rank 7
Finished accumulating particles for rank 9
Finished accumulating particles for rank 22
Finished accumulating particles for rank 23
Finished accumulating particles for rank 16
Finished accumulating particles for rank 10
Finished accumulating particles for rank 18
Finished accumulating particles for rank 25
Finished accumulating particles for rank 24
Finished accumulating particles for rank 29
Finished accumulating particles for rank 15
Finished accumulating particles for rank 0
Finished accumulating particles for rank 14
Finished accumulating particles for rank 28
Finished accumulating particles for rank 12
Finished accumulating particles for rank 8
Finished accumulating particles for rank 20
Finished accumulating particles for rank 19
Finished accumulating particles for rank 2
Finished accumulating particles for rank 27
Finished accumulating particles for rank 30
Finished accumulating particles for rank 26
Finished accumulating particles for rank 31
 step: 600 amin: 0.960199 amax: 0.961791
 step: 600 mumin: 0.592593 mumax: 0.592593
 step: 600 mmin: 2.12379e+08 mmax: 2.12379e+08
 step: 600 umin: 0.000267522 umax: 830758
 step: 600 dcmin: 13921.9 dcmax: 15143.9
rank = 15 Np = 0 
rank = 23 Np = 0 
rank = 17 Np = 0 
rank = 1 Np = 9596015 
rank = 26 Np = 7406064 
rank = 18 Np = 0 
rank = 8 Np = 0 
rank = 24 Np = 1218180 
rank = 31 Np = 6639133 
rank = 14 Np = 0 
rank = 22 Np = 0 
rank = 6 Np = 2104979 
rank = 2 Np = 7845101 
rank = 25 Np = 2887034 
rank = 5 Np = 7534954 
rank = 13 Np = 0 
rank = 16 Np = 0 
rank = 9 Np = 0 
rank = 29 Np = 9670735 
rank = 7 Np = 2490423 
rank = 10 Np = 0 
rank = 21 Np = 0 
rank = 3 Np = 7263800 
rank = 11 Np = 0 
rank = 19 Np = 0 
rank = 4 Np = 10106856 
rank = 20 Np = 0 
rank = 28 Np = 11230497 
rank = 27 Np = 8563675 
rank = 30 Np = 7404761 
rank = 12 Np = 0 
rank = 0 Np = 7833539 
Read 10 variables from /lus/eagle/projects/CosDiscover/nfrontiere/576MPC_RUNS/challenge_problem_576MPC_ADIABATIC/output/m000p.lc.mpicosmo.601 (2495454560 bytes) in 0.929934s: 2559.16 MB/s [excluding header read]
About to send data
Finished accumulating particles for rank 4
Finished accumulating particles for rank 1
Finished accumulating particles for rank 15
Finished accumulating particles for rank 0
Finished accumulating particles for rank 17
Finished accumulating particles for rank 7
Finished accumulating particles for rank 11
Finished accumulating particles for rank 10
Finished accumulating particles for rank 6
Finished accumulating particles for rank 22
Finished accumulating particles for rank 3
Finished accumulating particles for rank 18
Finished accumulating particles for rank 13
Finished accumulating particles for rank 20
Finished accumulating particles for rank 21
