commRanks and commrank are 32 0 
rank = 14 Np = 1146313315 
rank = 22 Np = 958938006 
rank = 30 Np = 987672814 
rank = 6 Np = 953889490 
rank = 21 Np = 1031957666 
rank = 13 Np = 1134726266 
rank = 29 Np = 931012811 
rank = 5 Np = 955796049 
rank = 16 Np = 1099378774 
rank = 8 Np = 1006271648 
rank = 0 Np = 938171061 
rank = 24 Np = 924943002 
rank = 2 Np = 894240818 
rank = 10 Np = 1057418943 
rank = 26 Np = 972056737 
rank = 18 Np = 1169675332 
rank = 4 Np = 964763639 
rank = 12 Np = 1099527461 
rank = 20 Np = 1047679424 
rank = 28 Np = 1032255111 
rank = 7 Np = 986582814 
rank = 15 Np = 1147979371 
rank = 23 Np = 992757096 
rank = 31 Np = 986476555 
rank = 9 Np = 976667205 
rank = 17 Np = 1166459075 
rank = 1 Np = 999332251 
rank = 25 Np = 1018977938 
rank = 11 Np = 1061953196 
rank = 19 Np = 1126429694 
rank = 27 Np = 981209445 
rank = 3 Np = 965040279 
Read 10 variables from /lus/eagle/projects/CosDiscover/nfrontiere/576MPC_RUNS/challenge_problem_576MPC_ADIABATIC/output/m000p.lc.mpicosmo.390 (707634646802 bytes) in rank = 5 Np_final = 955796049 
rank = 6 Np_final = 953889490 
rank = 1 Np_final = 999332251 
81.9131s: 8238.64 MB/s [excluding header read]rank = 13 Np_final = 1134726266 
rank = 14 Np_final = 1146313315 
rank = 9 Np_final = 976667205 
rank = 8 Np_final = 1006271648 
rank = 29 Np_final = 931012811 
rank = 2 Np_final = 894240818 
rank = 30 Np_final = 987672814 
rank = 25 Np_final = 1018977938 
rank = 16 Np_final = 1099378774 
rank = 10 Np_final = 1057418943 
rank = 22 Np_final = 958938006 
rank = 17 Np_final = 1166459075 
rank = 24 Np_final = 924943002 
rank = 18 Np_final = 1169675332 
rank = 7 Np_final = 986582814 

rank = 26 Np_final = 972056737 
rank = 15 Np_final = 1147979371 
rank = 0 Np_final = 938171061 
rank = 31 Np_final = 986476555 
rank = 23 Np_final = 992757096 
rank = 21 Np_final = 1031957666 
rank = 3 Np_final = 965040279 
rank = 11 Np_final = 1061953196 
rank = 19 Np_final = 1126429694 
rank = 4 Np_final = 964763639 
rank = 12 Np_final = 1099527461 
rank = 28 Np_final = 1032255111 
rank = 20 Np_final = 1047679424 
rank = 27 Np_final = 981209445 
About to send data
